Arguments: 
  /Users/Fluture/.nvm/versions/node/v18.16.0/bin/node /Users/Fluture/.nvm/versions/node/v18.16.0/bin/yarn add @faker-js

PATH: 
  /Users/Fluture/.yarn/bin:/Users/Fluture/.config/yarn/global/node_modules/.bin:/Users/Fluture/.nvm/versions/node/v18.16.0/bin:/opt/homebrew/bin:/usr/local/bin:/Users/Fluture/bin:/Users/Fluture/.local/share/solana/install/active_release/bin:/Library/Frameworks/Python.framework/Versions/3.11/bin:/usr/local/bin:/System/Cryptexes/App/usr/bin:/usr/bin:/bin:/usr/sbin:/sbin:/Users/Fluture/.yarn/bin:/Users/Fluture/.config/yarn/global/node_modules/.bin:/Users/Fluture/.nvm/versions/node/v18.16.0/bin:/opt/homebrew/bin:/Users/Fluture/bin:/Users/Fluture/.local/share/solana/install/active_release/bin:/Library/Frameworks/Python.framework/Versions/3.11/bin:/Users/Fluture/.cargo/bin:/Users/Fluture/Library/Python/3.11/bin:/Users/Fluture/Library/Python/3.11/bin

Yarn version: 
  1.22.19

Node version: 
  18.16.0

Platform: 
  darwin arm64

Trace: 
  Error: https://registry.yarnpkg.com/@faker-js: Request "https://registry.yarnpkg.com/@faker-js" returned a 405
      at params.callback [as _callback] (/Users/Fluture/.nvm/versions/node/v18.16.0/lib/node_modules/yarn/lib/cli.js:66154:18)
      at self.callback (/Users/Fluture/.nvm/versions/node/v18.16.0/lib/node_modules/yarn/lib/cli.js:140890:22)
      at Request.emit (node:events:513:28)
      at Request.<anonymous> (/Users/Fluture/.nvm/versions/node/v18.16.0/lib/node_modules/yarn/lib/cli.js:141862:10)
      at Request.emit (node:events:513:28)
      at IncomingMessage.<anonymous> (/Users/Fluture/.nvm/versions/node/v18.16.0/lib/node_modules/yarn/lib/cli.js:141784:12)
      at Object.onceWrapper (node:events:627:28)
      at IncomingMessage.emit (node:events:525:35)
      at endReadableNT (node:internal/streams/readable:1359:12)
      at process.processTicksAndRejections (node:internal/process/task_queues:82:21)

npm manifest: 
  {
    "dependencies": {
      "faker": "^6.6.6"
    }
  }

yarn manifest: 
  No manifest

Lockfile: 
  # THIS IS AN AUTOGENERATED FILE. DO NOT EDIT THIS FILE DIRECTLY.
  # yarn lockfile v1
  
  
  faker@^6.6.6:
    version "6.6.6"
    resolved "https://registry.yarnpkg.com/faker/-/faker-6.6.6.tgz#e9529da0109dca4c7c5dbfeaadbd9234af943033"
    integrity sha512-9tCqYEDHI5RYFQigXFwF1hnCwcWCOJl/hmll0lr5D2Ljjb0o4wphb69wikeJDz5qCEzXCoPvG6ss5SDP6IfOdg==
